<?xml version="1.0" encoding="UTF-8"?>
<!-- Generated by org.testng.reporters.JUnitReportReporter -->
<testsuite skipped="0" hostname="ATMECSINLT-065" name="com.cheapticket.grid_flightbook.Two_Way_Flight_Booking" tests="1" failures="0" timestamp="06 Sep 2019 14:34:48 GMT" time="45.645" errors="0">
  <testcase name="readytorun" time="45.645" classname="com.cheapticket.grid_flightbook.Two_Way_Flight_Booking"/>
</testsuite> <!-- com.cheapticket.grid_flightbook.Two_Way_Flight_Booking -->
